    --- LEO: Initializing Databases ---      
     Initializing databases...

      --- LEO: Starting new cycle at 2025-12-14 14:17:29 --- 
     Launching new browser instance...

   [Phase 0] Checking for past matches to review...
--- LEO V2.6: Outcome Review Engine (Concurrent) ---
[Review] Found 0 past predictions to review (Limit: 50).
--- No new past matches to review. ---
   [Phase 0] Analyzing prediction accuracy across all reviewed matches...

  [Prediction Accuracy Report]
  ==================================================
  Friday, 12th December, 2025: 67.6% Accurate - 102 Predictions
  Saturday, 13th December, 2025: 49.0% Accurate - 351 Predictions
  ==================================================
  [Confidence-Based Accuracy]
  Very High Confidence: 52.0% Accurate - 298 Predictions
  High Confidence: 61.5% Accurate - 13 Predictions
  Low Confidence: 54.9% Accurate - 142 Predictions
  ==================================================
  Friday, 12th December, 2025 to Saturday, 13th December, 2025: 53.2% Accurate - 453 Predictions

   [Phase 0] Accuracy analysis complete.

   [Phase 1] Starting analysis engine (Flashscore)...

--- Running Flashscore Analysis ---
  [Navigation] Going to Flashscore...
  [Navigation] Flashscore loaded successfully.
    [AI INTEL] Selectors found for 'home_page'. Skipping AI analysis.
    [Resume] Last processed: ID GQux9Yh2 on 16.12.2025

--- SKIPPING DAY: 14.12.2025 (advancing to resume date) ---
  [Navigation] Clicking next day...
    [Cookies] Accepted via text: I Accept
    [Success] Next day clicked and page updated.

--- SKIPPING DAY: 15.12.2025 (advancing to resume date) ---
  [Navigation] Clicking next day...
    [Success] Next day clicked and page updated.

--- ANALYZING DATE: 16.12.2025 ---
    [AI INTEL] Selectors found for 'home_page'. Skipping AI analysis.
    [Extractor] Extracting match data from page...
    [Matches Found] 47 valid fixtures. (Sorted by Time)
    [Resume] Checking for last processed ID: GQux9Yh2 on this date.
    [Resume] Match found at index 1. Skipping 2 previously processed matches.
    [Batching] Processing 45 matches concurrently...
    [Batch Start] Arnett Gardens vs Montego Bay: 16.12.2025 - 01:30
    [Batch Start] Arambagh vs Fortis: 16.12.2025 - 09:30
    [Batch Start] Bashundara Kings vs Mohammedan: 16.12.2025 - 09:30
    [Batch Start] Tusker vs Nairobi United: 16.12.2025 - 11:00
    [Popup Handler] Clicked 'I understand' button via: button:has-text('I understand')
    [Popup Handler] Clicked 'I understand' button via: button:has-text('I understand')
    [Popup Handler] Clicked 'I understand' button via: button:has-text('I understand')
    [AI INTEL] Selectors found for 'match_page'. Skipping AI analysis.
    [AI INTEL] Selectors found for 'match_page'. Skipping AI analysis.
    [AI INTEL] Selectors found for 'match_page'. Skipping AI analysis.
    [Popup Handler] Clicked 'I understand' button via: button:has-text('I understand')
    [Popup Handler] Clicked 'I understand' button via: button:has-text('I understand')
    [AI INTEL] Selectors found for 'match_page'. Skipping AI analysis.
    [Popup Handler] Clicked 'I understand' button via: button:has-text('I understand')
    [Popup Handler] Clicked 'I understand' button via: button:has-text('I understand')
    [AI INTEL] Selectors found for 'match_page'. Skipping AI analysis.
    [AI INTEL] Selectors found for 'match_page'. Skipping AI analysis.
    [Popup Handler] Clicked 'I understand' button via: button:has-text('I understand')
    [AI INTEL] Selectors found for 'match_page'. Skipping AI analysis.
    [AI INTEL] Selectors found for 'match_page'. Skipping AI analysis.
    [H2H Expansion] Expanding available match history...
    [H2H Expansion] Expanding available match history...
    [H2H Expansion] Expanding available match history...
    [H2H Expansion] Expanding available match history...
    [AI INTEL] Selectors found for 'h2h_tab'. Skipping AI analysis.
      [Extractor] Extracting H2H tab...
      [Extractor] Found 10 home, 10 away, 5 H2H matches.
      [OK H2H] H2H tab data extracted for Bashundara Kings_vs_Mohammedan (25 matches found)
    [AI INTEL] Selectors found for 'h2h_tab'. Skipping AI analysis.
      [Extractor] Extracting H2H tab...
    [AI INTEL] Selectors found for 'h2h_tab'. Skipping AI analysis.
      [Extractor] Extracting H2H tab...
    [AI INTEL] Selectors found for 'h2h_tab'. Skipping AI analysis.
      [Extractor] Extracting H2H tab...
      [Extractor] Found 10 home, 10 away, 0 H2H matches.
      [OK H2H] H2H tab data extracted for Tusker_vs_Nairobi United (20 matches found)
      [Extractor] Found 10 home, 10 away, 5 H2H matches.
      [OK H2H] H2H tab data extracted for Arnett Gardens_vs_Montego Bay (25 matches found)
      [Extractor] Found 10 home, 10 away, 1 H2H matches.
      [OK H2H] H2H tab data extracted for Arambagh_vs_Fortis (21 matches found)
    [AI INTEL] Selectors found for 'standings_tab'. Skipping AI analysis.
    [AI INTEL] Selectors found for 'standings_tab'. Skipping AI analysis.
    [AI INTEL] Selectors found for 'standings_tab'. Skipping AI analysis.
    [AI INTEL] Selectors found for 'standings_tab'. Skipping AI analysis.
    [Cookies] Accepted via OneTrust
    [Cookies] Accepted via OneTrust
    [Cookies] Accepted via OneTrust
    [Cookies] Accepted via OneTrust
      [Extractor] Extracting Standings tab...
      [Extractor] Extracting Standings tab...
      [Extractor] Extracting Standings tab...
      [Extractor] Found 5 teams in standings for 'BANGLADESH - FEDERATION CUP'.
      [DB] UPSERTed 5 standings entries for BANGLADESH - FEDERATION CUP
      [OK Standing] Standings tab data extracted for BANGLADESH - FEDERATION CUP
      [Extractor Validation] Updated League to: BANGLADESH - FEDERATION CUP
      [DB] UPSERTed 5 standings entries for BANGLADESH - FEDERATION CUP
      [OK Standing] Standings tab data extracted for BANGLADESH - FEDERATION CUP
            [OK Signal] Arambagh_vs_Fortis
      [Extractor] Extracting Standings tab...
      [Extractor] Found 14 teams in standings for 'JAMAICA - PREMIER LEAGUE - ROUND 12'.
      [DB] UPSERTed 14 standings entries for JAMAICA - PREMIER LEAGUE - ROUND 12
      [OK Standing] Standings tab data extracted for JAMAICA - PREMIER LEAGUE - ROUND 12
      [Extractor Validation] Updated League to: JAMAICA - PREMIER LEAGUE - ROUND 12
      [DB] UPSERTed 14 standings entries for JAMAICA - PREMIER LEAGUE - ROUND 12
      [OK Standing] Standings tab data extracted for JAMAICA - PREMIER LEAGUE - ROUND 12
            [OK Signal] Arnett Gardens_vs_Montego Bay
      [Extractor] Found 18 teams in standings for 'KENYA - PREMIER LEAGUE - ROUND 14'.
      [DB] UPSERTed 18 standings entries for KENYA - PREMIER LEAGUE - ROUND 14
      [OK Standing] Standings tab data extracted for KENYA - PREMIER LEAGUE - ROUND 14
      [Extractor Validation] Updated League to: KENYA - PREMIER LEAGUE - ROUND 14
      [DB] UPSERTed 18 standings entries for KENYA - PREMIER LEAGUE - ROUND 14
      [OK Standing] Standings tab data extracted for KENYA - PREMIER LEAGUE - ROUND 14
            [OK Signal] Tusker_vs_Nairobi United
    [Batch Start] Dauphins Noirs vs Motema Pembe: 16.12.2025 - 12:00
      [Extractor] Found 5 teams in standings for 'BANGLADESH - FEDERATION CUP'.
      [DB] UPSERTed 5 standings entries for BANGLADESH - FEDERATION CUP
      [OK Standing] Standings tab data extracted for BANGLADESH - FEDERATION CUP
      [Extractor Validation] Updated League to: BANGLADESH - FEDERATION CUP
      [DB] UPSERTed 5 standings entries for BANGLADESH - FEDERATION CUP
      [OK Standing] Standings tab data extracted for BANGLADESH - FEDERATION CUP
            [OK Signal] Bashundara Kings_vs_Mohammedan
    [Batch Start] Uttar Pradesh vs Haryana: 16.12.2025 - 12:00
    [Batch Start] Uttarakhand vs Chandigarh: 16.12.2025 - 12:00
    [Batch Start] Lazio U20 vs Torino U20: 16.12.2025 - 12:00
    [Popup Handler] Clicked 'I understand' button via: button:has-text('I understand')
    [AI INTEL] Selectors found for 'match_page'. Skipping AI analysis.
    [Cookies] Accepted via OneTrust
    [Popup Handler] Clicked 'I understand' button via: button:has-text('I understand')
    [Popup Handler] Clicked 'I understand' button via: button:has-text('I understand')
    [AI INTEL] Selectors found for 'match_page'. Skipping AI analysis.
    [AI INTEL] Selectors found for 'match_page'. Skipping AI analysis.
    [Popup Handler] Clicked 'I understand' button via: button:has-text('I understand')
    [Popup Handler] Clicked 'I understand' button via: button:has-text('I understand')
    [Popup Handler] Clicked 'I understand' button via: button:has-text('I understand')
    [AI INTEL] Selectors found for 'match_page'. Skipping AI analysis.
    [AI INTEL] Selectors found for 'match_page'. Skipping AI analysis.
    [AI INTEL] Selectors found for 'match_page'. Skipping AI analysis.
    [Popup Handler] Clicked 'I understand' button via: button:has-text('I understand')
    [AI INTEL] Selectors found for 'match_page'. Skipping AI analysis.
    [Popup Handler] Clicked 'I understand' button via: button:has-text('I understand')
    [AI INTEL] Selectors found for 'match_page'. Skipping AI analysis.
    [H2H Expansion] Expanding available match history...
    [H2H Expansion] Expanding available match history...
    [H2H Expansion] Expanding available match history...
    [AI INTEL] Selectors found for 'h2h_tab'. Skipping AI analysis.
      [Extractor] Extracting H2H tab...
    [AI INTEL] Selectors found for 'h2h_tab'. Skipping AI analysis.
      [Extractor] Extracting H2H tab...
      [Extractor] Found 10 home, 10 away, 1 H2H matches.
      [OK H2H] H2H tab data extracted for Uttarakhand_vs_Chandigarh (21 matches found)
    [AI INTEL] Selectors found for 'h2h_tab'. Skipping AI analysis.
      [Extractor] Extracting H2H tab...
      [Extractor] Found 10 home, 10 away, 0 H2H matches.
      [OK H2H] H2H tab data extracted for Uttar Pradesh_vs_Haryana (20 matches found)
    [H2H Expansion] Expanding available match history...
    [AI INTEL] Selectors found for 'standings_tab'. Skipping AI analysis.
      [Extractor] Found 10 home, 10 away, 2 H2H matches.
      [OK H2H] H2H tab data extracted for Lazio U20_vs_Torino U20 (22 matches found)
    [AI INTEL] Selectors found for 'standings_tab'. Skipping AI analysis.
    [AI INTEL] Selectors found for 'standings_tab'. Skipping AI analysis.
    [Cookies] Accepted via OneTrust
      [Extractor] Extracting Standings tab...
      [Extractor] Found 4 teams in standings for 'INDIA - SANTOSH TROPHY'.
      [DB] UPSERTed 4 standings entries for INDIA - SANTOSH TROPHY
      [OK Standing] Standings tab data extracted for INDIA - SANTOSH TROPHY
      [Extractor Validation] Updated League to: INDIA - SANTOSH TROPHY
      [DB] UPSERTed 4 standings entries for INDIA - SANTOSH TROPHY
      [OK Standing] Standings tab data extracted for INDIA - SANTOSH TROPHY
            [OK Signal] Uttarakhand_vs_Chandigarh
    [Cookies] Accepted via OneTrust
    [Cookies] Accepted via OneTrust
      [Extractor] Extracting Standings tab...
      [Extractor] Found 4 teams in standings for 'INDIA - SANTOSH TROPHY'.
      [DB] UPSERTed 4 standings entries for INDIA - SANTOSH TROPHY
      [OK Standing] Standings tab data extracted for INDIA - SANTOSH TROPHY
      [Extractor Validation] Updated League to: INDIA - SANTOSH TROPHY
      [DB] UPSERTed 4 standings entries for INDIA - SANTOSH TROPHY
      [OK Standing] Standings tab data extracted for INDIA - SANTOSH TROPHY
            [OK Signal] Uttar Pradesh_vs_Haryana
    [AI INTEL] Selectors found for 'h2h_tab'. Skipping AI analysis.
      [Extractor] Extracting H2H tab...
      [Extractor] Extracting Standings tab...
      [Extractor] Found 10 home, 10 away, 5 H2H matches.
      [OK H2H] H2H tab data extracted for Dauphins Noirs_vs_Motema Pembe (25 matches found)
      [Extractor] Found 20 teams in standings for 'ITALY - PRIMAVERA 1 - ROUND 16'.
      [DB] UPSERTed 20 standings entries for ITALY - PRIMAVERA 1 - ROUND 16
      [OK Standing] Standings tab data extracted for ITALY - PRIMAVERA 1 - ROUND 16
      [Extractor Validation] Updated League to: ITALY - PRIMAVERA 1 - ROUND 16
      [DB] UPSERTed 20 standings entries for ITALY - PRIMAVERA 1 - ROUND 16
      [OK Standing] Standings tab data extracted for ITALY - PRIMAVERA 1 - ROUND 16
            [OK Signal] Lazio U20_vs_Torino U20
    [Batch Start] Rayong FC vs Ratchaburi: 16.12.2025 - 13:00
    [Batch Start] AS New Soger vs St Eloi Lupopo: 16.12.2025 - 14:00
    [AI INTEL] Selectors found for 'standings_tab'. Skipping AI analysis.
    [Batch Start] Maniema vs Celeste: 16.12.2025 - 14:00
      [Extractor] Extracting Standings tab...
      [Extractor] Found 15 teams in standings for 'DR CONGO - LIGUE 1 - ROUND 15'.
      [DB] UPSERTed 15 standings entries for DR CONGO - LIGUE 1 - ROUND 15
      [OK Standing] Standings tab data extracted for DR CONGO - LIGUE 1 - ROUND 15
      [Extractor Validation] Updated League to: DR CONGO - LIGUE 1 - ROUND 15
      [DB] UPSERTed 15 standings entries for DR CONGO - LIGUE 1 - ROUND 15
      [OK Standing] Standings tab data extracted for DR CONGO - LIGUE 1 - ROUND 15
            [OK Signal] Dauphins Noirs_vs_Motema Pembe
    [Batch Start] AC Milan U20 vs Parma U20: 16.12.2025 - 14:00
    [Cookies] Accepted via OneTrust
    [Cookies] Accepted via OneTrust
    [Cookies] Accepted via OneTrust
    [Popup Handler] Clicked 'I understand' button via: button:has-text('I understand')
    [Popup Handler] Clicked 'I understand' button via: button:has-text('I understand')
    [Popup Handler] Clicked 'I understand' button via: button:has-text('I understand')
    [AI INTEL] Selectors found for 'match_page'. Skipping AI analysis.
    [AI INTEL] Selectors found for 'match_page'. Skipping AI analysis.
    [AI INTEL] Selectors found for 'match_page'. Skipping AI analysis.
    [AI INTEL] Selectors found for 'match_page'. Skipping AI analysis.
    [AI INTEL] Selectors found for 'match_page'. Skipping AI analysis.
    [AI INTEL] Selectors found for 'match_page'. Skipping AI analysis.
    [H2H Expansion] Expanding available match history...
    [H2H Expansion] Expanding available match history...
    [H2H Expansion] Expanding available match history...
    [Popup Handler] Clicked 'I understand' button via: button:has-text('I understand')
    [AI INTEL] Selectors found for 'match_page'. Skipping AI analysis.
    [AI INTEL] Selectors found for 'h2h_tab'. Skipping AI analysis.
      [Extractor] Extracting H2H tab...
      [Extractor] Found 10 home, 10 away, 5 H2H matches.
      [OK H2H] H2H tab data extracted for Maniema_vs_Celeste (25 matches found)
    [AI INTEL] Selectors found for 'h2h_tab'. Skipping AI analysis.
      [Extractor] Extracting H2H tab...
    [Popup Handler] Clicked 'I understand' button via: button:has-text('I understand')
    [AI INTEL] Selectors found for 'match_page'. Skipping AI analysis.
      [Extractor] Found 10 home, 10 away, 4 H2H matches.
      [OK H2H] H2H tab data extracted for AS New Soger_vs_St Eloi Lupopo (24 matches found)
    [AI INTEL] Selectors found for 'standings_tab'. Skipping AI analysis.
    [AI INTEL] Selectors found for 'standings_tab'. Skipping AI analysis.
    [AI INTEL] Selectors found for 'h2h_tab'. Skipping AI analysis.
      [Extractor] Extracting H2H tab...
      [Extractor] Found 10 home, 10 away, 5 H2H matches.
      [OK H2H] H2H tab data extracted for Rayong FC_vs_Ratchaburi (25 matches found)
    [AI INTEL] Selectors found for 'standings_tab'. Skipping AI analysis.
    [Cookies] Accepted via OneTrust
      [Extractor] Extracting Standings tab...
      [Extractor] Found 15 teams in standings for 'DR CONGO - LIGUE 1 - ROUND 8'.
      [DB] UPSERTed 15 standings entries for DR CONGO - LIGUE 1 - ROUND 8
      [OK Standing] Standings tab data extracted for DR CONGO - LIGUE 1 - ROUND 8
      [Extractor Validation] Updated League to: DR CONGO - LIGUE 1 - ROUND 8
      [DB] UPSERTed 15 standings entries for DR CONGO - LIGUE 1 - ROUND 8
      [OK Standing] Standings tab data extracted for DR CONGO - LIGUE 1 - ROUND 8
            [OK Signal] Maniema_vs_Celeste
      [Extractor] Extracting Standings tab...
      [Extractor] Found 16 teams in standings for 'DR CONGO - LIGUE 1 - ROUND 15'.
      [DB] UPSERTed 16 standings entries for DR CONGO - LIGUE 1 - ROUND 15
      [OK Standing] Standings tab data extracted for DR CONGO - LIGUE 1 - ROUND 15
      [Extractor Validation] Updated League to: DR CONGO - LIGUE 1 - ROUND 15
      [DB] UPSERTed 16 standings entries for DR CONGO - LIGUE 1 - ROUND 15
      [OK Standing] Standings tab data extracted for DR CONGO - LIGUE 1 - ROUND 15
            [OK Signal] AS New Soger_vs_St Eloi Lupopo
    [H2H Expansion] Expanding available match history...
    [Batch Start] Monza U20 vs AS Roma U20: 16.12.2025 - 14:00
      [Extractor] Extracting Standings tab...
      [Extractor] Found 16 teams in standings for 'THAILAND - THAI LEAGUE 1 - ROUND 15'.
      [DB] UPSERTed 16 standings entries for THAILAND - THAI LEAGUE 1 - ROUND 15
      [OK Standing] Standings tab data extracted for THAILAND - THAI LEAGUE 1 - ROUND 15
      [Extractor Validation] Updated League to: THAILAND - THAI LEAGUE 1 - ROUND 15
      [DB] UPSERTed 16 standings entries for THAILAND - THAI LEAGUE 1 - ROUND 15
      [OK Standing] Standings tab data extracted for THAILAND - THAI LEAGUE 1 - ROUND 15
            [OK Signal] Rayong FC_vs_Ratchaburi
    [Batch Start] Leopards vs Ulinzi Stars: 16.12.2025 - 14:00
    [Batch Start] BUL vs Police: 16.12.2025 - 14:00
    [AI INTEL] Selectors found for 'h2h_tab'. Skipping AI analysis.
      [Extractor] Extracting H2H tab...
      [Extractor] Found 10 home, 10 away, 0 H2H matches.
      [OK H2H] H2H tab data extracted for AC Milan U20_vs_Parma U20 (20 matches found)
    [AI INTEL] Selectors found for 'standings_tab'. Skipping AI analysis.
    [Cookies] Accepted via OneTrust
    [Popup Handler] Clicked 'I understand' button via: button:has-text('I understand')
    [AI INTEL] Selectors found for 'match_page'. Skipping AI analysis.
    [AI INTEL] Selectors found for 'match_page'. Skipping AI analysis.
    [Cookies] Accepted via OneTrust
    [Cookies] Accepted via OneTrust
    [Popup Handler] Clicked 'I understand' button via: button:has-text('I understand')
    [Popup Handler] Clicked 'I understand' button via: button:has-text('I understand')
    [AI INTEL] Selectors found for 'match_page'. Skipping AI analysis.
    [AI INTEL] Selectors found for 'match_page'. Skipping AI analysis.
      [Extractor] Extracting Standings tab...
    [AI INTEL] Selectors found for 'match_page'. Skipping AI analysis.
      [Extractor] Found 20 teams in standings for 'ITALY - PRIMAVERA 1 - ROUND 16'.
      [DB] UPSERTed 20 standings entries for ITALY - PRIMAVERA 1 - ROUND 16
      [OK Standing] Standings tab data extracted for ITALY - PRIMAVERA 1 - ROUND 16
      [Extractor Validation] Updated League to: ITALY - PRIMAVERA 1 - ROUND 16
      [DB] UPSERTed 20 standings entries for ITALY - PRIMAVERA 1 - ROUND 16
      [OK Standing] Standings tab data extracted for ITALY - PRIMAVERA 1 - ROUND 16
            [OK Signal] AC Milan U20_vs_Parma U20
    [AI INTEL] Selectors found for 'match_page'. Skipping AI analysis.
    [Batch Start] UPDF vs NEC FC: 16.12.2025 - 14:00
    [H2H Expansion] Expanding available match history...
    [H2H Expansion] Expanding available match history...
    [H2H Expansion] Expanding available match history...
    [AI INTEL] Selectors found for 'h2h_tab'. Skipping AI analysis.
      [Extractor] Extracting H2H tab...
      [Extractor] Found 10 home, 10 away, 2 H2H matches.
      [OK H2H] H2H tab data extracted for Monza U20_vs_AS Roma U20 (22 matches found)
    [AI INTEL] Selectors found for 'standings_tab'. Skipping AI analysis.
    [Cookies] Accepted via OneTrust
    [Popup Handler] Clicked 'I understand' button via: button:has-text('I understand')
    [AI INTEL] Selectors found for 'match_page'. Skipping AI analysis.
    [AI INTEL] Selectors found for 'match_page'. Skipping AI analysis.
    [AI INTEL] Selectors found for 'h2h_tab'. Skipping AI analysis.
      [Extractor] Extracting H2H tab...
    [AI INTEL] Selectors found for 'h2h_tab'. Skipping AI analysis.
      [Extractor] Extracting H2H tab...
      [Extractor] Found 10 home, 10 away, 5 H2H matches.
      [OK H2H] H2H tab data extracted for Leopards_vs_Ulinzi Stars (25 matches found)
      [Extractor] Found 10 home, 10 away, 5 H2H matches.
      [OK H2H] H2H tab data extracted for BUL_vs_Police (25 matches found)
    [AI INTEL] Selectors found for 'standings_tab'. Skipping AI analysis.
    [AI INTEL] Selectors found for 'standings_tab'. Skipping AI analysis.
      [Extractor] Extracting Standings tab...
      [Extractor] Found 20 teams in standings for 'ITALY - PRIMAVERA 1 - ROUND 16'.
      [DB] UPSERTed 20 standings entries for ITALY - PRIMAVERA 1 - ROUND 16
      [OK Standing] Standings tab data extracted for ITALY - PRIMAVERA 1 - ROUND 16
      [Extractor Validation] Updated League to: ITALY - PRIMAVERA 1 - ROUND 16
      [DB] UPSERTed 20 standings entries for ITALY - PRIMAVERA 1 - ROUND 16
      [OK Standing] Standings tab data extracted for ITALY - PRIMAVERA 1 - ROUND 16
            [OK Signal] Monza U20_vs_AS Roma U20
    [H2H Expansion] Expanding available match history...
      [Extractor] Extracting Standings tab...
      [Extractor] Extracting Standings tab...
      [Extractor] Found 16 teams in standings for 'UGANDA - PREMIER LEAGUE - ROUND 11'.
      [DB] UPSERTed 16 standings entries for UGANDA - PREMIER LEAGUE - ROUND 11
      [OK Standing] Standings tab data extracted for UGANDA - PREMIER LEAGUE - ROUND 11
      [Extractor Validation] Updated League to: UGANDA - PREMIER LEAGUE - ROUND 11
      [DB] UPSERTed 16 standings entries for UGANDA - PREMIER LEAGUE - ROUND 11
      [OK Standing] Standings tab data extracted for UGANDA - PREMIER LEAGUE - ROUND 11
            [OK Signal] BUL_vs_Police
      [Extractor] Found 18 teams in standings for 'KENYA - PREMIER LEAGUE - ROUND 14'.
      [DB] UPSERTed 18 standings entries for KENYA - PREMIER LEAGUE - ROUND 14
      [OK Standing] Standings tab data extracted for KENYA - PREMIER LEAGUE - ROUND 14
      [Extractor Validation] Updated League to: KENYA - PREMIER LEAGUE - ROUND 14
      [DB] UPSERTed 18 standings entries for KENYA - PREMIER LEAGUE - ROUND 14
      [OK Standing] Standings tab data extracted for KENYA - PREMIER LEAGUE - ROUND 14
            [OK Signal] Leopards_vs_Ulinzi Stars
    [Batch Start] AS Vita Club vs Renaissance: 16.12.2025 - 15:00
    [Batch Start] South Africa vs Ghana B: 16.12.2025 - 15:00
    [AI INTEL] Selectors found for 'h2h_tab'. Skipping AI analysis.
      [Extractor] Extracting H2H tab...
      [Extractor] Found 10 home, 10 away, 4 H2H matches.
      [OK H2H] H2H tab data extracted for UPDF_vs_NEC FC (24 matches found)
    [Batch Start] Colombe vs Sovotours: 16.12.2025 - 15:30
    [AI INTEL] Selectors found for 'standings_tab'. Skipping AI analysis.
      [Extractor] Extracting Standings tab...
    [Cookies] Accepted via OneTrust
      [Extractor] Found 16 teams in standings for 'UGANDA - PREMIER LEAGUE - ROUND 11'.
      [DB] UPSERTed 16 standings entries for UGANDA - PREMIER LEAGUE - ROUND 11
      [OK Standing] Standings tab data extracted for UGANDA - PREMIER LEAGUE - ROUND 11
      [Extractor Validation] Updated League to: UGANDA - PREMIER LEAGUE - ROUND 11
      [DB] UPSERTed 16 standings entries for UGANDA - PREMIER LEAGUE - ROUND 11
      [OK Standing] Standings tab data extracted for UGANDA - PREMIER LEAGUE - ROUND 11
            [OK Signal] UPDF_vs_NEC FC
    [Cookies] Accepted via OneTrust
    [Popup Handler] Clicked 'I understand' button via: button:has-text('I understand')
    [Popup Handler] Clicked 'I understand' button via: button:has-text('I understand')
    [Batch Start] Renaissance vs Galactik: 16.12.2025 - 15:30
    [AI INTEL] Selectors found for 'match_page'. Skipping AI analysis.
    [AI INTEL] Selectors found for 'match_page'. Skipping AI analysis.
    [AI INTEL] Selectors found for 'match_page'. Skipping AI analysis.
    [Cookies] Accepted via OneTrust
    [AI INTEL] Selectors found for 'match_page'. Skipping AI analysis.
    [Popup Handler] Clicked 'I understand' button via: button:has-text('I understand')
    [AI INTEL] Selectors found for 'match_page'. Skipping AI analysis.
    [AI INTEL] Selectors found for 'match_page'. Skipping AI analysis.
    [H2H Expansion] Expanding available match history...
    [H2H Expansion] Expanding available match history...
    [H2H Expansion] Expanding available match history...
    [Cookies] Accepted via OneTrust
    [Popup Handler] Clicked 'I understand' button via: button:has-text('I understand')
    [AI INTEL] Selectors found for 'h2h_tab'. Skipping AI analysis.
      [Extractor] Extracting H2H tab...
    [AI INTEL] Selectors found for 'match_page'. Skipping AI analysis.
      [Extractor] Found 10 home, 1 away, 0 H2H matches.
      [OK H2H] H2H tab data extracted for South Africa_vs_Ghana B (11 matches found)
    [AI INTEL] Selectors found for 'h2h_tab'. Skipping AI analysis.
      [Extractor] Extracting H2H tab...
    [AI INTEL] Selectors found for 'h2h_tab'. Skipping AI analysis.
      [Extractor] Extracting H2H tab...
      [Extractor Validation] Updated League to: WORLD - FRIENDLY INTERNATIONAL
            [OK Signal] South Africa_vs_Ghana B
      [Extractor] Found 6 home, 5 away, 0 H2H matches.
      [OK H2H] H2H tab data extracted for Colombe_vs_Sovotours (11 matches found)
      [Extractor] Found 10 home, 10 away, 5 H2H matches.
      [OK H2H] H2H tab data extracted for AS Vita Club_vs_Renaissance (25 matches found)
    [AI INTEL] Selectors found for 'match_page'. Skipping AI analysis.
    [Batch Start] D.R. Congo vs Zambia: 16.12.2025 - 16:00
    [AI INTEL] Selectors found for 'standings_tab'. Skipping AI analysis.
    [AI INTEL] Selectors found for 'standings_tab'. Skipping AI analysis.
      [Extractor] Extracting Standings tab...
      [Extractor] Found 15 teams in standings for 'DR CONGO - LIGUE 1 - ROUND 12'.
      [DB] UPSERTed 15 standings entries for DR CONGO - LIGUE 1 - ROUND 12
      [OK Standing] Standings tab data extracted for DR CONGO - LIGUE 1 - ROUND 12
      [Extractor Validation] Updated League to: DR CONGO - LIGUE 1 - ROUND 12
      [DB] UPSERTed 15 standings entries for DR CONGO - LIGUE 1 - ROUND 12
      [OK Standing] Standings tab data extracted for DR CONGO - LIGUE 1 - ROUND 12
            [OK Signal] AS Vita Club_vs_Renaissance
      [Extractor] Extracting Standings tab...
      [Extractor] Found 14 teams in standings for 'CHAD - PREMIERE DIVISION - LPFN - ROUND 7'.
      [DB] UPSERTed 14 standings entries for CHAD - PREMIERE DIVISION - LPFN - ROUND 7
      [OK Standing] Standings tab data extracted for CHAD - PREMIERE DIVISION - LPFN - ROUND 7
      [Extractor Validation] Updated League to: CHAD - PREMIERE DIVISION - LPFN - ROUND 7
      [DB] UPSERTed 14 standings entries for CHAD - PREMIERE DIVISION - LPFN - ROUND 7
      [OK Standing] Standings tab data extracted for CHAD - PREMIERE DIVISION - LPFN - ROUND 7
            [OK Signal] Colombe_vs_Sovotours
    [H2H Expansion] Expanding available match history...
    [Batch Start] Bombada vs BST Galaxy: 16.12.2025 - 17:00
    [Cookies] Accepted via OneTrust
    [Popup Handler] Clicked 'I understand' button via: button:has-text('I understand')
    [AI INTEL] Selectors found for 'match_page'. Skipping AI analysis.
    [AI INTEL] Selectors found for 'match_page'. Skipping AI analysis.
    [Batch Start] Samger vs Hawks: 16.12.2025 - 17:00
    [AI INTEL] Selectors found for 'h2h_tab'. Skipping AI analysis.
      [Extractor] Extracting H2H tab...
      [Extractor] Found 10 home, 10 away, 2 H2H matches.
      [OK H2H] H2H tab data extracted for Renaissance_vs_Galactik (22 matches found)
    [AI INTEL] Selectors found for 'standings_tab'. Skipping AI analysis.
    [H2H Expansion] Expanding available match history...
      [Extractor] Extracting Standings tab...
      [Extractor] Found 14 teams in standings for 'CHAD - PREMIERE DIVISION - LPFN - ROUND 7'.
      [DB] UPSERTed 14 standings entries for CHAD - PREMIERE DIVISION - LPFN - ROUND 7
      [OK Standing] Standings tab data extracted for CHAD - PREMIERE DIVISION - LPFN - ROUND 7
      [Extractor Validation] Updated League to: CHAD - PREMIERE DIVISION - LPFN - ROUND 7
      [DB] UPSERTed 14 standings entries for CHAD - PREMIERE DIVISION - LPFN - ROUND 7
      [OK Standing] Standings tab data extracted for CHAD - PREMIERE DIVISION - LPFN - ROUND 7
            [OK Signal] Renaissance_vs_Galactik
    [Cookies] Accepted via OneTrust
    [Cookies] Accepted via OneTrust
    [Popup Handler] Clicked 'I understand' button via: button:has-text('I understand')
    [AI INTEL] Selectors found for 'match_page'. Skipping AI analysis.
    [AI INTEL] Selectors found for 'match_page'. Skipping AI analysis.
    [Popup Handler] Clicked 'I understand' button via: button:has-text('I understand')
    [AI INTEL] Selectors found for 'match_page'. Skipping AI analysis.
    [Batch Start] Steve Biko vs Fortune: 16.12.2025 - 17:00
    [AI INTEL] Selectors found for 'match_page'. Skipping AI analysis.
    [AI INTEL] Selectors found for 'h2h_tab'. Skipping AI analysis.
      [Extractor] Extracting H2H tab...
      [Extractor] Found 10 home, 10 away, 5 H2H matches.
      [OK H2H] H2H tab data extracted for D.R. Congo_vs_Zambia (25 matches found)
      [Extractor Validation] Updated League to: WORLD - FRIENDLY INTERNATIONAL
            [OK Signal] D.R. Congo_vs_Zambia
    [Batch Start] Karfamoriah vs Foot Elite: 16.12.2025 - 17:00
    [H2H Expansion] Expanding available match history...
    [H2H Expansion] Expanding available match history...
    [Cookies] Accepted via OneTrust
    [Popup Handler] Clicked 'I understand' button via: button:has-text('I understand')
    [AI INTEL] Selectors found for 'match_page'. Skipping AI analysis.
    [AI INTEL] Selectors found for 'match_page'. Skipping AI analysis.
    [AI INTEL] Selectors found for 'h2h_tab'. Skipping AI analysis.
      [Extractor] Extracting H2H tab...
      [Extractor] Found 10 home, 10 away, 4 H2H matches.
      [OK H2H] H2H tab data extracted for Bombada_vs_BST Galaxy (24 matches found)
    [AI INTEL] Selectors found for 'h2h_tab'. Skipping AI analysis.
      [Extractor] Extracting H2H tab...
      [Extractor] Found 10 home, 10 away, 5 H2H matches.
      [OK H2H] H2H tab data extracted for Samger_vs_Hawks (25 matches found)
    [AI INTEL] Selectors found for 'standings_tab'. Skipping AI analysis.
    [Cookies] Accepted via OneTrust
    [Popup Handler] Clicked 'I understand' button via: button:has-text('I understand')
    [AI INTEL] Selectors found for 'standings_tab'. Skipping AI analysis.
    [AI INTEL] Selectors found for 'match_page'. Skipping AI analysis.
    [AI INTEL] Selectors found for 'match_page'. Skipping AI analysis.
    [H2H Expansion] Expanding available match history...
      [Extractor] Extracting Standings tab...
      [Extractor] Found 16 teams in standings for 'GAMBIA - GFA LEAGUE - ROUND 1'.
      [DB] UPSERTed 16 standings entries for GAMBIA - GFA LEAGUE - ROUND 1
      [OK Standing] Standings tab data extracted for GAMBIA - GFA LEAGUE - ROUND 1
      [Extractor Validation] Updated League to: GAMBIA - GFA LEAGUE - ROUND 1
      [DB] UPSERTed 16 standings entries for GAMBIA - GFA LEAGUE - ROUND 1
      [OK Standing] Standings tab data extracted for GAMBIA - GFA LEAGUE - ROUND 1
            [OK Signal] Bombada_vs_BST Galaxy
      [Extractor] Extracting Standings tab...
      [Extractor] Found 16 teams in standings for 'GAMBIA - GFA LEAGUE - ROUND 1'.
      [DB] UPSERTed 16 standings entries for GAMBIA - GFA LEAGUE - ROUND 1
      [OK Standing] Standings tab data extracted for GAMBIA - GFA LEAGUE - ROUND 1
      [Extractor Validation] Updated League to: GAMBIA - GFA LEAGUE - ROUND 1
      [DB] UPSERTed 16 standings entries for GAMBIA - GFA LEAGUE - ROUND 1
      [OK Standing] Standings tab data extracted for GAMBIA - GFA LEAGUE - ROUND 1
            [OK Signal] Samger_vs_Hawks
    [H2H Expansion] Expanding available match history...
    [Batch Start] RCC Kamsar vs Loubha: 16.12.2025 - 17:00
    [AI INTEL] Selectors found for 'h2h_tab'. Skipping AI analysis.
      [Extractor] Extracting H2H tab...
      [Extractor] Found 10 home, 10 away, 5 H2H matches.
      [OK H2H] H2H tab data extracted for Steve Biko_vs_Fortune (25 matches found)
    [AI INTEL] Selectors found for 'standings_tab'. Skipping AI analysis.
    [Batch Start] Bai Bureh Warriors vs Bo Rangers: 16.12.2025 - 17:15
    [AI INTEL] Selectors found for 'h2h_tab'. Skipping AI analysis.
      [Extractor] Extracting H2H tab...
      [Extractor] Found 9 home, 5 away, 0 H2H matches.
      [OK H2H] H2H tab data extracted for Karfamoriah_vs_Foot Elite (14 matches found)
    [AI INTEL] Selectors found for 'standings_tab'. Skipping AI analysis.
    [Cookies] Accepted via OneTrust
    [Popup Handler] Clicked 'I understand' button via: button:has-text('I understand')
    [AI INTEL] Selectors found for 'match_page'. Skipping AI analysis.
      [Extractor] Extracting Standings tab...
      [Extractor] Found 16 teams in standings for 'GAMBIA - GFA LEAGUE - ROUND 1'.
      [DB] UPSERTed 16 standings entries for GAMBIA - GFA LEAGUE - ROUND 1
      [OK Standing] Standings tab data extracted for GAMBIA - GFA LEAGUE - ROUND 1
      [Extractor Validation] Updated League to: GAMBIA - GFA LEAGUE - ROUND 1
      [DB] UPSERTed 16 standings entries for GAMBIA - GFA LEAGUE - ROUND 1
      [OK Standing] Standings tab data extracted for GAMBIA - GFA LEAGUE - ROUND 1
            [OK Signal] Steve Biko_vs_Fortune
    [AI INTEL] Selectors found for 'match_page'. Skipping AI analysis.
    [Popup Handler] Clicked 'I understand' button via: button:has-text('I understand')
    [AI INTEL] Selectors found for 'match_page'. Skipping AI analysis.
    [Popup Handler] Clicked 'I understand' button via: button:has-text('I understand')
    [AI INTEL] Selectors found for 'match_page'. Skipping AI analysis.
      [Extractor] Extracting Standings tab...
      [Extractor] Found 14 teams in standings for 'GUINEA - LIGUE 1 - ROUND 10'.
      [DB] UPSERTed 14 standings entries for GUINEA - LIGUE 1 - ROUND 10
      [OK Standing] Standings tab data extracted for GUINEA - LIGUE 1 - ROUND 10
      [Extractor Validation] Updated League to: GUINEA - LIGUE 1 - ROUND 10
      [DB] UPSERTed 14 standings entries for GUINEA - LIGUE 1 - ROUND 10
      [OK Standing] Standings tab data extracted for GUINEA - LIGUE 1 - ROUND 10
            [OK Signal] Karfamoriah_vs_Foot Elite
    [Batch Start] Maritimo vs Benfica B: 16.12.2025 - 18:00
    [Cookies] Accepted via OneTrust
    [Batch Start] Kampala City vs Buhimba: 16.12.2025 - 18:00
    [H2H Expansion] Expanding available match history...
    [H2H Expansion] Expanding available match history...
    [AI INTEL] Selectors found for 'h2h_tab'. Skipping AI analysis.
      [Extractor] Extracting H2H tab...
      [Extractor] Found 10 home, 10 away, 2 H2H matches.
      [OK H2H] H2H tab data extracted for RCC Kamsar_vs_Loubha (22 matches found)
    [AI INTEL] Selectors found for 'h2h_tab'. Skipping AI analysis.
      [Extractor] Extracting H2H tab...
      [Extractor] Found 10 home, 10 away, 5 H2H matches.
      [OK H2H] H2H tab data extracted for Bai Bureh Warriors_vs_Bo Rangers (25 matches found)
    [AI INTEL] Selectors found for 'standings_tab'. Skipping AI analysis.
    [AI INTEL] Selectors found for 'standings_tab'. Skipping AI analysis.
    [Cookies] Accepted via OneTrust
    [Cookies] Accepted via OneTrust
    [Popup Handler] Clicked 'I understand' button via: button:has-text('I understand')
    [Popup Handler] Clicked 'I understand' button via: button:has-text('I understand')
    [AI INTEL] Selectors found for 'match_page'. Skipping AI analysis.
    [AI INTEL] Selectors found for 'match_page'. Skipping AI analysis.
    [AI INTEL] Selectors found for 'match_page'. Skipping AI analysis.
    [AI INTEL] Selectors found for 'match_page'. Skipping AI analysis.
      [Extractor] Extracting Standings tab...
      [Extractor] Found 14 teams in standings for 'GUINEA - LIGUE 1 - ROUND 10'.
      [DB] UPSERTed 14 standings entries for GUINEA - LIGUE 1 - ROUND 10
      [OK Standing] Standings tab data extracted for GUINEA - LIGUE 1 - ROUND 10
      [Extractor Validation] Updated League to: GUINEA - LIGUE 1 - ROUND 10
      [DB] UPSERTed 14 standings entries for GUINEA - LIGUE 1 - ROUND 10
      [OK Standing] Standings tab data extracted for GUINEA - LIGUE 1 - ROUND 10
            [OK Signal] RCC Kamsar_vs_Loubha
      [Extractor] Extracting Standings tab...
      [Extractor] Found 18 teams in standings for 'SIERRA LEONE - PREMIER LEAGUE - ROUND 7'.
      [DB] UPSERTed 18 standings entries for SIERRA LEONE - PREMIER LEAGUE - ROUND 7
      [OK Standing] Standings tab data extracted for SIERRA LEONE - PREMIER LEAGUE - ROUND 7
      [Extractor Validation] Updated League to: SIERRA LEONE - PREMIER LEAGUE - ROUND 7
      [DB] UPSERTed 18 standings entries for SIERRA LEONE - PREMIER LEAGUE - ROUND 7
      [OK Standing] Standings tab data extracted for SIERRA LEONE - PREMIER LEAGUE - ROUND 7
            [OK Signal] Bai Bureh Warriors_vs_Bo Rangers
    [Batch Start] Egypt vs Nigeria: 16.12.2025 - 19:00
    [H2H Expansion] Expanding available match history...
    [H2H Expansion] Expanding available match history...
    [Batch Start] Beerschot VA vs Gent U23: 16.12.2025 - 20:00
    [AI INTEL] Selectors found for 'h2h_tab'. Skipping AI analysis.
      [Extractor] Extracting H2H tab...
      [Extractor] Found 10 home, 10 away, 4 H2H matches.
      [OK H2H] H2H tab data extracted for Maritimo_vs_Benfica B (24 matches found)
    [AI INTEL] Selectors found for 'h2h_tab'. Skipping AI analysis.
      [Extractor] Extracting H2H tab...
      [Extractor] Found 10 home, 10 away, 0 H2H matches.
      [OK H2H] H2H tab data extracted for Kampala City_vs_Buhimba (20 matches found)
    [AI INTEL] Selectors found for 'standings_tab'. Skipping AI analysis.
    [AI INTEL] Selectors found for 'standings_tab'. Skipping AI analysis.
    [Cookies] Accepted via OneTrust
    [Cookies] Accepted via OneTrust
    [Popup Handler] Clicked 'I understand' button via: button:has-text('I understand')
    [Popup Handler] Clicked 'I understand' button via: button:has-text('I understand')
    [AI INTEL] Selectors found for 'match_page'. Skipping AI analysis.
    [AI INTEL] Selectors found for 'match_page'. Skipping AI analysis.
    [AI INTEL] Selectors found for 'match_page'. Skipping AI analysis.
    [AI INTEL] Selectors found for 'match_page'. Skipping AI analysis.
      [Extractor] Extracting Standings tab...
      [Extractor] Found 18 teams in standings for 'PORTUGAL - LIGA PORTUGAL 2 - ROUND 14'.
      [DB] UPSERTed 18 standings entries for PORTUGAL - LIGA PORTUGAL 2 - ROUND 14
      [OK Standing] Standings tab data extracted for PORTUGAL - LIGA PORTUGAL 2 - ROUND 14
      [Extractor Validation] Updated League to: PORTUGAL - LIGA PORTUGAL 2 - ROUND 14
      [DB] UPSERTed 18 standings entries for PORTUGAL - LIGA PORTUGAL 2 - ROUND 14
      [OK Standing] Standings tab data extracted for PORTUGAL - LIGA PORTUGAL 2 - ROUND 14
            [OK Signal] Maritimo_vs_Benfica B
      [Extractor] Extracting Standings tab...
      [Extractor] Found 16 teams in standings for 'UGANDA - PREMIER LEAGUE - ROUND 11'.
      [DB] UPSERTed 16 standings entries for UGANDA - PREMIER LEAGUE - ROUND 11
      [OK Standing] Standings tab data extracted for UGANDA - PREMIER LEAGUE - ROUND 11
      [Extractor Validation] Updated League to: UGANDA - PREMIER LEAGUE - ROUND 11
      [DB] UPSERTed 16 standings entries for UGANDA - PREMIER LEAGUE - ROUND 11
      [OK Standing] Standings tab data extracted for UGANDA - PREMIER LEAGUE - ROUND 11
            [OK Signal] Kampala City_vs_Buhimba
    [Batch Start] K. Lierse S.K. vs Kortrijk: 16.12.2025 - 20:00
    [Batch Start] OC Charleroi vs Lommel SK: 16.12.2025 - 20:00
    [H2H Expansion] Expanding available match history...
    [H2H Expansion] Expanding available match history...
    [AI INTEL] Selectors found for 'h2h_tab'. Skipping AI analysis.
      [Extractor] Extracting H2H tab...
    [AI INTEL] Selectors found for 'h2h_tab'. Skipping AI analysis.
      [Extractor] Extracting H2H tab...
      [Extractor] Found 10 home, 10 away, 5 H2H matches.
      [OK H2H] H2H tab data extracted for Egypt_vs_Nigeria (25 matches found)
      [Extractor Validation] Updated League to: WORLD - FRIENDLY INTERNATIONAL
            [OK Signal] Egypt_vs_Nigeria
      [Extractor] Found 10 home, 10 away, 1 H2H matches.
      [OK H2H] H2H tab data extracted for Beerschot VA_vs_Gent U23 (21 matches found)
    [AI INTEL] Selectors found for 'standings_tab'. Skipping AI analysis.
    [Batch Start] Blackburn U21 vs Watford U21: 16.12.2025 - 20:00
    [Cookies] Accepted via OneTrust
    [Cookies] Accepted via OneTrust
    [Popup Handler] Clicked 'I understand' button via: button:has-text('I understand')
    [Popup Handler] Clicked 'I understand' button via: button:has-text('I understand')
    [AI INTEL] Selectors found for 'match_page'. Skipping AI analysis.
    [AI INTEL] Selectors found for 'match_page'. Skipping AI analysis.
    [AI INTEL] Selectors found for 'match_page'. Skipping AI analysis.
    [AI INTEL] Selectors found for 'match_page'. Skipping AI analysis.
      [Extractor] Extracting Standings tab...
      [Extractor] Found 17 teams in standings for 'BELGIUM - CHALLENGER PRO LEAGUE - ROUND 18'.
      [DB] UPSERTed 17 standings entries for BELGIUM - CHALLENGER PRO LEAGUE - ROUND 18
      [OK Standing] Standings tab data extracted for BELGIUM - CHALLENGER PRO LEAGUE - ROUND 18
      [Extractor Validation] Updated League to: BELGIUM - CHALLENGER PRO LEAGUE - ROUND 18
      [DB] UPSERTed 17 standings entries for BELGIUM - CHALLENGER PRO LEAGUE - ROUND 18
      [OK Standing] Standings tab data extracted for BELGIUM - CHALLENGER PRO LEAGUE - ROUND 18
            [OK Signal] Beerschot VA_vs_Gent U23
    [H2H Expansion] Expanding available match history...
    [H2H Expansion] Expanding available match history...
    [Batch Start] Bristol City U21 vs Derby U21: 16.12.2025 - 20:00
    [AI INTEL] Selectors found for 'h2h_tab'. Skipping AI analysis.
      [Extractor] Extracting H2H tab...
      [Extractor] Found 10 home, 10 away, 5 H2H matches.
      [OK H2H] H2H tab data extracted for OC Charleroi_vs_Lommel SK (25 matches found)
    [AI INTEL] Selectors found for 'h2h_tab'. Skipping AI analysis.
      [Extractor] Extracting H2H tab...
      [Extractor] Found 10 home, 10 away, 1 H2H matches.
      [OK H2H] H2H tab data extracted for K. Lierse S.K._vs_Kortrijk (21 matches found)
    [AI INTEL] Selectors found for 'standings_tab'. Skipping AI analysis.
    [AI INTEL] Selectors found for 'standings_tab'. Skipping AI analysis.
    [Cookies] Accepted via OneTrust
    [Cookies] Accepted via OneTrust
    [Popup Handler] Clicked 'I understand' button via: button:has-text('I understand')
    [AI INTEL] Selectors found for 'match_page'. Skipping AI analysis.
    [Popup Handler] Clicked 'I understand' button via: button:has-text('I understand')
    [AI INTEL] Selectors found for 'match_page'. Skipping AI analysis.
    [AI INTEL] Selectors found for 'match_page'. Skipping AI analysis.
    [AI INTEL] Selectors found for 'match_page'. Skipping AI analysis.
      [Extractor] Extracting Standings tab...
      [Extractor] Found 17 teams in standings for 'BELGIUM - CHALLENGER PRO LEAGUE - ROUND 18'.
      [DB] UPSERTed 17 standings entries for BELGIUM - CHALLENGER PRO LEAGUE - ROUND 18
      [OK Standing] Standings tab data extracted for BELGIUM - CHALLENGER PRO LEAGUE - ROUND 18
      [Extractor Validation] Updated League to: BELGIUM - CHALLENGER PRO LEAGUE - ROUND 18
      [DB] UPSERTed 17 standings entries for BELGIUM - CHALLENGER PRO LEAGUE - ROUND 18
      [OK Standing] Standings tab data extracted for BELGIUM - CHALLENGER PRO LEAGUE - ROUND 18
            [OK Signal] OC Charleroi_vs_Lommel SK
      [Extractor] Extracting Standings tab...
      [Extractor] Found 17 teams in standings for 'BELGIUM - CHALLENGER PRO LEAGUE - ROUND 18'.
      [DB] UPSERTed 17 standings entries for BELGIUM - CHALLENGER PRO LEAGUE - ROUND 18
      [OK Standing] Standings tab data extracted for BELGIUM - CHALLENGER PRO LEAGUE - ROUND 18
      [Extractor Validation] Updated League to: BELGIUM - CHALLENGER PRO LEAGUE - ROUND 18
      [DB] UPSERTed 17 standings entries for BELGIUM - CHALLENGER PRO LEAGUE - ROUND 18
      [OK Standing] Standings tab data extracted for BELGIUM - CHALLENGER PRO LEAGUE - ROUND 18
            [OK Signal] K. Lierse S.K._vs_Kortrijk
    [Batch Start] Charlton U21 vs Leicester U21: 16.12.2025 - 20:00
    [Batch Start] Exeter U21 vs West Brom U21: 16.12.2025 - 20:00
    [H2H Expansion] Expanding available match history...
    [H2H Expansion] Expanding available match history...
    [AI INTEL] Selectors found for 'h2h_tab'. Skipping AI analysis.
      [Extractor] Extracting H2H tab...
    [AI INTEL] Selectors found for 'h2h_tab'. Skipping AI analysis.
      [Extractor] Extracting H2H tab...
      [Extractor] Found 10 home, 10 away, 1 H2H matches.
      [OK H2H] H2H tab data extracted for Bristol City U21_vs_Derby U21 (21 matches found)
      [Extractor] Found 10 home, 10 away, 1 H2H matches.
      [OK H2H] H2H tab data extracted for Blackburn U21_vs_Watford U21 (21 matches found)
    [AI INTEL] Selectors found for 'standings_tab'. Skipping AI analysis.
    [AI INTEL] Selectors found for 'standings_tab'. Skipping AI analysis.
    [Cookies] Accepted via OneTrust
    [Cookies] Accepted via OneTrust
    [Popup Handler] Clicked 'I understand' button via: button:has-text('I understand')
    [AI INTEL] Selectors found for 'match_page'. Skipping AI analysis.
    [Popup Handler] Clicked 'I understand' button via: button:has-text('I understand')
    [AI INTEL] Selectors found for 'match_page'. Skipping AI analysis.
    [AI INTEL] Selectors found for 'match_page'. Skipping AI analysis.
    [AI INTEL] Selectors found for 'match_page'. Skipping AI analysis.
      [Extractor] Extracting Standings tab...
      [Extractor] Found 4 teams in standings for 'ENGLAND - PREMIER LEAGUE CUP'.
      [DB] UPSERTed 4 standings entries for ENGLAND - PREMIER LEAGUE CUP
      [OK Standing] Standings tab data extracted for ENGLAND - PREMIER LEAGUE CUP
      [Extractor Validation] Updated League to: ENGLAND - PREMIER LEAGUE CUP
      [DB] UPSERTed 4 standings entries for ENGLAND - PREMIER LEAGUE CUP
      [OK Standing] Standings tab data extracted for ENGLAND - PREMIER LEAGUE CUP
            [OK Signal] Bristol City U21_vs_Derby U21
      [Extractor] Extracting Standings tab...
      [Extractor] Found 4 teams in standings for 'ENGLAND - PREMIER LEAGUE CUP'.
      [DB] UPSERTed 4 standings entries for ENGLAND - PREMIER LEAGUE CUP
      [OK Standing] Standings tab data extracted for ENGLAND - PREMIER LEAGUE CUP
      [Extractor Validation] Updated League to: ENGLAND - PREMIER LEAGUE CUP
      [DB] UPSERTed 4 standings entries for ENGLAND - PREMIER LEAGUE CUP
      [OK Standing] Standings tab data extracted for ENGLAND - PREMIER LEAGUE CUP
            [OK Signal] Blackburn U21_vs_Watford U21
    [Batch Start] Millwall U21 vs Nottingham U21: 16.12.2025 - 20:00
    [Batch Start] Leeds U21 vs Dortmund II: 16.12.2025 - 20:00
    [H2H Expansion] Expanding available match history...
    [H2H Expansion] Expanding available match history...
    [AI INTEL] Selectors found for 'h2h_tab'. Skipping AI analysis.
      [Extractor] Extracting H2H tab...
      [Extractor] Found 12 home, 5 away, 1 H2H matches.
      [OK H2H] H2H tab data extracted for Exeter U21_vs_West Brom U21 (18 matches found)
    [AI INTEL] Selectors found for 'h2h_tab'. Skipping AI analysis.
      [Extractor] Extracting H2H tab...
      [Extractor] Found 10 home, 10 away, 1 H2H matches.
      [OK H2H] H2H tab data extracted for Charlton U21_vs_Leicester U21 (21 matches found)
    [AI INTEL] Selectors found for 'standings_tab'. Skipping AI analysis.
    [AI INTEL] Selectors found for 'standings_tab'. Skipping AI analysis.
    [Cookies] Accepted via OneTrust
    [Popup Handler] Clicked 'I understand' button via: button:has-text('I understand')
    [Cookies] Accepted via OneTrust
