    --- LEO: Initializing Databases ---      
     Initializing databases...

      --- LEO: Starting new cycle at 2025-12-19 00:47:13 --- 
     Launching new browser instance...

   [Phase 0] Checking for past matches to review...
--- LEO V2.6: Outcome Review Engine (Concurrent) ---
[Review] Found 7 past predictions to review (Limit: 400).
[Processing] Starting batch review for 7 matches...
  [Score Check] Al-Shouleh vs Jableh (Attempt 1)
  [Score Check] Umayya vs Horriya (Attempt 1)
  [Score Check] Damascus Al-Ahli vs Homs Al Fidaa (Attempt 1)
  [Score Check] Tishreen vs Al Jaish (Attempt 1)
  [Score Check] Al Taliya vs Foutoua (Attempt 1)
    [Cookies] Accepted via text: I Accept
    [Cookies] Accepted via text: I Accept
    [Cookies] Accepted via text: I Accept
    [Cookies] Accepted via text: I Accept
    [Popup Handler] Clicked 'I understand' button via: button:has-text('I understand')
    [Popup Handler] Clicked 'I understand' button via: button:has-text('I understand')
    [Cookies] Accepted via text: I Accept
    [Skip]  Damascus Al-Ahli vs Homs Al Fidaa Match not finished yet.
    [Skip]  Tishreen vs Al Jaish Match not finished yet.
  [Score Check] Al Karamah vs Al Wahda (Attempt 1)
  [Score Check] Barau vs Rivers United (Attempt 1)
    [Skip]  Al Taliya vs Foutoua Match not finished yet.
    [Skip]  Al-Shouleh vs Jableh Match not finished yet.
    [Skip]  Umayya vs Horriya Match not finished yet.
    [Cookies] Accepted via text: I Accept
    [Cookies] Accepted via text: I Accept
    [Skip]  Al Karamah vs Al Wahda Match not finished yet.
    [Skip]  Barau vs Rivers United Match not finished yet.
--- Learning Engine: Updated 16 rule weights ---
--- Review Process Complete ---
   [Phase 0] Analyzing prediction accuracy across all reviewed matches...

  [Prediction Accuracy Report]
  ==================================================
  Friday, 12th December, 2025: 67.6% Accurate - 102 Predictions
  Saturday, 13th December, 2025: 49.0% Accurate - 351 Predictions
  Sunday, 14th December, 2025: 54.6% Accurate - 313 Predictions
  Monday, 15th December, 2025: 37.5% Accurate - 56 Predictions
  Tuesday, 16th December, 2025: 50.0% Accurate - 40 Predictions
  Wednesday, 17th December, 2025: 47.1% Accurate - 68 Predictions
  Thursday, 18th December, 2025: 53.3% Accurate - 60 Predictions
  ==================================================
  [Confidence-Based Accuracy]
  Very High Confidence: 53.0% Accurate - 462 Predictions
  High Confidence: 46.4% Accurate - 248 Predictions
  Low Confidence: 56.1% Accurate - 280 Predictions
  ==================================================
  Friday, 12th December, 2025 to Thursday, 18th December, 2025: 52.2% Accurate - 990 Predictions

   [Phase 0] Accuracy analysis complete.

   [Phase 1] Starting analysis engine (Flashscore)...

--- Running Flashscore Analysis ---
  [Navigation] Going to Flashscore...
  [Navigation] Flashscore loaded successfully.
    [AI INTEL] Selectors found for 'home_page'. Skipping AI analysis.
    [Resume] Last processed: ID rNGR7MtI on 24.12.2025

--- SKIPPING DAY: 19.12.2025 (advancing to resume date) ---
  [Navigation] Clicking next day...
    [Success] Next day clicked and page updated.

--- SKIPPING DAY: 20.12.2025 (advancing to resume date) ---
  [Navigation] Clicking next day...
    [Cookies] Accepted via OneTrust
    [Success] Next day clicked and page updated.

--- SKIPPING DAY: 21.12.2025 (advancing to resume date) ---
  [Navigation] Clicking next day...
    [Success] Next day clicked and page updated.

--- SKIPPING DAY: 22.12.2025 (advancing to resume date) ---
  [Navigation] Clicking next day...
    [Success] Next day clicked and page updated.

--- SKIPPING DAY: 23.12.2025 (advancing to resume date) ---
  [Navigation] Clicking next day...
    [Success] Next day clicked and page updated.

--- ANALYZING DATE: 24.12.2025 ---
    [AI INTEL] Selectors found for 'home_page'. Skipping AI analysis.
    [Extractor] Extracting match data from page...
    [Matches Found] 63 valid fixtures. (Sorted by Time)
    [Resume] Checking for last processed ID: rNGR7MtI on this date.
    [Resume] Match found at index 62. Skipping 63 previously processed matches.
    [Info] No new matches to process for this day.
  [Navigation] Clicking next day...
    [Success] Next day clicked and page updated.

--- ANALYZING DATE: 25.12.2025 ---
    [AI INTEL] Selectors found for 'home_page'. Skipping AI analysis.
    [Extractor] Extracting match data from page...
    [Matches Found] 30 valid fixtures. (Sorted by Time)
    [Batching] Processing 30 matches concurrently...
    [Batch Start] Real Espana vs Motagua: 25.12.2025 - 01:00
    [Batch Start] Mahar United vs Dagon Port: 25.12.2025 - 09:00
    [Batch Start] Ethio Electric vs Shire Endaselassie: 25.12.2025 - 10:00
    [Batch Start] Hantharwady Utd vs Dagon: 25.12.2025 - 09:30
    [Cookies] Accepted via OneTrust
    [Cookies] Accepted via OneTrust
    [Cookies] Accepted via OneTrust
    [Cookies] Accepted via OneTrust
    [AI INTEL] Selectors found for 'match_page'. Skipping AI analysis.
    [AI INTEL] Selectors found for 'match_page'. Skipping AI analysis.
    [AI INTEL] Selectors found for 'match_page'. Skipping AI analysis.
    [AI INTEL] Selectors found for 'match_page'. Skipping AI analysis.
    [Popup Handler] Clicked 'I understand' button via: button:has-text('I understand')
    [AI INTEL] Selectors found for 'match_page'. Skipping AI analysis.
    [AI INTEL] Selectors found for 'match_page'. Skipping AI analysis.
    [AI INTEL] Selectors found for 'match_page'. Skipping AI analysis.
    [AI INTEL] Selectors found for 'match_page'. Skipping AI analysis.
    [H2H Expansion] Expanding available match history...
    [Popup Handler] Clicked 'I understand' button via: button:has-text('I understand')
    [Popup Handler] Clicked 'I understand' button via: button:has-text('I understand')
    [Popup Handler] Clicked 'I understand' button via: button:has-text('I understand')
    [H2H Expansion] Expanding available match history...
    [H2H Expansion] Expanding available match history...
    [AI INTEL] Selectors found for 'h2h_tab'. Skipping AI analysis.
      [Extractor] Extracting H2H tab...
      [Extractor] Found 10 home, 10 away, 2 H2H matches.
      [OK H2H] H2H tab data extracted for Mahar United_vs_Dagon Port (22 matches found)
    [H2H Expansion] Expanding available match history...
    [AI INTEL] Selectors found for 'standings_tab'. Skipping AI analysis.
    [AI INTEL] Selectors found for 'h2h_tab'. Skipping AI analysis.
      [Extractor] Extracting H2H tab...
      [Extractor] Found 10 home, 10 away, 5 H2H matches.
      [OK H2H] H2H tab data extracted for Real Espana_vs_Motagua (25 matches found)
    [AI INTEL] Selectors found for 'h2h_tab'. Skipping AI analysis.
      [Extractor] Extracting H2H tab...
      [Extractor] Extracting Standings tab...
      [Extractor] Found 10 home, 10 away, 5 H2H matches.
      [OK H2H] H2H tab data extracted for Hantharwady Utd_vs_Dagon (25 matches found)
    [AI INTEL] Selectors found for 'h2h_tab'. Skipping AI analysis.
      [Extractor] Extracting H2H tab...
      [Extractor] Found 12 teams in standings for 'MYANMAR - NATIONAL LEAGUE - ROUND 9'.
      [DB] UPSERTed 12 standings entries for MYANMAR - NATIONAL LEAGUE - ROUND 9
      [OK Standing] Standings tab data extracted for MYANMAR - NATIONAL LEAGUE - ROUND 9
      [Extractor Validation] Updated League to: MYANMAR - NATIONAL LEAGUE - ROUND 9
      [DB] UPSERTed 12 standings entries for MYANMAR - NATIONAL LEAGUE - ROUND 9
      [OK Standing] Standings tab data extracted for MYANMAR - NATIONAL LEAGUE - ROUND 9
            [OK Signal] Mahar United_vs_Dagon Port
    [AI INTEL] Selectors found for 'standings_tab'. Skipping AI analysis.
      [Warning] Failed to fully load/expand H2H tab for Ethio Electric_vs_Shire Endaselassie: Page.wait_for_selector: Target crashed 
Call log:
  - waiting for locator("a.h2h__row") to be visible

      [Error] Match failed Ethio Electric_vs_Shire Endaselassie: Locator.is_visible: Target crashed 
Call log:
    - checking visibility of locator("div.detailOver [data-testid=\"wcl-tabs\"] a[data-analytics-alias=\"stats-detail\"] button")

  [CRITICAL ERROR] Logging state for 'process_match_task_Ethio Electric_vs_Shire Endaselassie'. See 'Logs/Errors' folder.
    [Logger Failure] Could not write error state: Page.screenshot: Target crashed 
Call log:
  - taking page screenshot
  - waiting for fonts to load...
  - fonts loaded

    [AI INTEL] Selectors found for 'standings_tab'. Skipping AI analysis.
    [Batch Start] Uttarakhand vs Uttar Pradesh: 25.12.2025 - 11:00
    [Batch Start] Chandigarh vs Haryana: 25.12.2025 - 11:00
      [Extractor] Extracting Standings tab...
      [Extractor] Found 3 teams in standings for 'HONDURAS - LIGA NACIONAL - APERTURA - TRIANGULARES - ROUND 5'.
      [DB] UPSERTed 3 standings entries for HONDURAS - LIGA NACIONAL - APERTURA - TRIANGULARES - ROUND 5
      [OK Standing] Standings tab data extracted for HONDURAS - LIGA NACIONAL - APERTURA - TRIANGULARES - ROUND 5
      [Extractor Validation] Updated League to: HONDURAS - LIGA NACIONAL - APERTURA - TRIANGULARES - ROUND 5
      [DB] UPSERTed 3 standings entries for HONDURAS - LIGA NACIONAL - APERTURA - TRIANGULARES - ROUND 5
      [OK Standing] Standings tab data extracted for HONDURAS - LIGA NACIONAL - APERTURA - TRIANGULARES - ROUND 5
            [OK Signal] Real Espana_vs_Motagua
      [Extractor] Extracting Standings tab...
      [Extractor] Found 12 teams in standings for 'MYANMAR - NATIONAL LEAGUE - ROUND 9'.
      [DB] UPSERTed 12 standings entries for MYANMAR - NATIONAL LEAGUE - ROUND 9
      [OK Standing] Standings tab data extracted for MYANMAR - NATIONAL LEAGUE - ROUND 9
      [Extractor Validation] Updated League to: MYANMAR - NATIONAL LEAGUE - ROUND 9
      [DB] UPSERTed 12 standings entries for MYANMAR - NATIONAL LEAGUE - ROUND 9
      [OK Standing] Standings tab data extracted for MYANMAR - NATIONAL LEAGUE - ROUND 9
            [OK Signal] Hantharwady Utd_vs_Dagon
    [Batch Start] Sheger Ketema vs Hawassa: 25.12.2025 - 12:00
    [Batch Start] Aluminium Arak vs Malavan: 25.12.2025 - 12:00
    [Cookies] Accepted via OneTrust
    [Cookies] Accepted via OneTrust
    [AI INTEL] Selectors found for 'match_page'. Skipping AI analysis.
    [AI INTEL] Selectors found for 'match_page'. Skipping AI analysis.
    [Cookies] Accepted via OneTrust
    [AI INTEL] Selectors found for 'match_page'. Skipping AI analysis.
    [AI INTEL] Selectors found for 'match_page'. Skipping AI analysis.
    [Cookies] Accepted via OneTrust
    [AI INTEL] Selectors found for 'match_page'. Skipping AI analysis.
    [AI INTEL] Selectors found for 'match_page'. Skipping AI analysis.
    [AI INTEL] Selectors found for 'match_page'. Skipping AI analysis.
    [Popup Handler] Clicked 'I understand' button via: button:has-text('I understand')
    [H2H Expansion] Expanding available match history...
    [Popup Handler] Clicked 'I understand' button via: button:has-text('I understand')
    [AI INTEL] Selectors found for 'match_page'. Skipping AI analysis.
    [H2H Expansion] Expanding available match history...
    [AI INTEL] Selectors found for 'h2h_tab'. Skipping AI analysis.
      [Extractor] Extracting H2H tab...
    [Popup Handler] Clicked 'I understand' button via: button:has-text('I understand')
      [Extractor] Found 10 home, 10 away, 0 H2H matches.
      [OK H2H] H2H tab data extracted for Uttarakhand_vs_Uttar Pradesh (20 matches found)
    [AI INTEL] Selectors found for 'h2h_tab'. Skipping AI analysis.
      [Extractor] Extracting H2H tab...
    [H2H Expansion] No expansion buttons found or failed to load.
      [Extractor] Found 10 home, 10 away, 1 H2H matches.
      [OK H2H] H2H tab data extracted for Chandigarh_vs_Haryana (21 matches found)
    [AI INTEL] Selectors found for 'h2h_tab'. Skipping AI analysis.
      [Extractor] Extracting H2H tab...
    [AI INTEL] Selectors found for 'standings_tab'. Skipping AI analysis.
      [Warning] Failed to fully load/expand H2H tab for Sheger Ketema_vs_Hawassa: Page.wait_for_selector: Target crashed 
Call log:
  - waiting for locator("a.h2h__row") to be visible

    [H2H Expansion] Expanding available match history...
      [Error] Match failed Sheger Ketema_vs_Hawassa: Locator.is_visible: Target crashed 
Call log:
    - checking visibility of locator("div.detailOver [data-testid=\"wcl-tabs\"] a[data-analytics-alias=\"stats-detail\"] button")

  [CRITICAL ERROR] Logging state for 'process_match_task_Sheger Ketema_vs_Hawassa'. See 'Logs/Errors' folder.
    [Logger Failure] Could not write error state: Page.screenshot: Target crashed 
Call log:
  - taking page screenshot
  - waiting for fonts to load...
  - fonts loaded

    [AI INTEL] Selectors found for 'standings_tab'. Skipping AI analysis.

   --- LEO: Shutting down gracefully. ---
