    --- LEO: Initializing Databases ---      
     Initializing databases...

      --- LEO: Starting new cycle at 2025-12-15 06:43:32 --- 
     Launching new browser instance...

   [Phase 0] Checking for past matches to review...
--- LEO V2.6: Outcome Review Engine (Concurrent) ---
[Review] Found 0 past predictions to review (Limit: 400).
--- No new past matches to review. ---
   [Phase 0] Analyzing prediction accuracy across all reviewed matches...

  [Prediction Accuracy Report]
  ==================================================
  Friday, 12th December, 2025: 67.6% Accurate - 102 Predictions
  Saturday, 13th December, 2025: 49.0% Accurate - 351 Predictions
  Sunday, 14th December, 2025: 54.6% Accurate - 313 Predictions
  ==================================================
  [Confidence-Based Accuracy]
  Very High Confidence: 52.9% Accurate - 461 Predictions
  High Confidence: 44.6% Accurate - 56 Predictions
  Low Confidence: 57.4% Accurate - 249 Predictions
  ==================================================
  Friday, 12th December, 2025 to Sunday, 14th December, 2025: 53.8% Accurate - 766 Predictions

   [Phase 0] Accuracy analysis complete.

   [Phase 1] Starting analysis engine (Flashscore)...

--- Running Flashscore Analysis ---
  [Navigation] Going to Flashscore...
  [Navigation] Flashscore loaded successfully.
    [AI INTEL] Selectors found for 'home_page'. Skipping AI analysis.
    [Resume] Last processed: ID tlT44NGt on 20.12.2025

--- SKIPPING DAY: 15.12.2025 (advancing to resume date) ---
  [Navigation] Clicking next day...
    [Success] Next day clicked and page updated.

--- SKIPPING DAY: 16.12.2025 (advancing to resume date) ---
  [Navigation] Clicking next day...
    [Cookies] Accepted via OneTrust
    [Success] Next day clicked and page updated.

--- SKIPPING DAY: 17.12.2025 (advancing to resume date) ---
  [Navigation] Clicking next day...
    [Success] Next day clicked and page updated.

   --- LEO: Shutting down gracefully. ---
