    --- LEO: Initializing Databases ---      
     Initializing databases...

      --- LEO: Starting new cycle at 2025-12-18 23:11:39 --- 
     Launching new browser instance...

   [Phase 0] Checking for past matches to review...
--- LEO V2.6: Outcome Review Engine (Concurrent) ---
[Review] Found 0 past predictions to review (Limit: 400).
--- No new past matches to review. ---
   [Phase 0] Analyzing prediction accuracy across all reviewed matches...

  [Prediction Accuracy Report]
  ==================================================
  Friday, 12th December, 2025: 67.6% Accurate - 102 Predictions
  Saturday, 13th December, 2025: 49.0% Accurate - 351 Predictions
  Sunday, 14th December, 2025: 54.6% Accurate - 313 Predictions
  Monday, 15th December, 2025: 37.5% Accurate - 56 Predictions
  Tuesday, 16th December, 2025: 50.0% Accurate - 40 Predictions
  Wednesday, 17th December, 2025: 47.1% Accurate - 68 Predictions
  ==================================================
  [Confidence-Based Accuracy]
  Very High Confidence: 53.0% Accurate - 462 Predictions
  High Confidence: 43.9% Accurate - 196 Predictions
  Low Confidence: 56.6% Accurate - 272 Predictions
  ==================================================
  Friday, 12th December, 2025 to Wednesday, 17th December, 2025: 52.2% Accurate - 930 Predictions

   [Phase 0] Accuracy analysis complete.

   [Phase 1] Starting analysis engine (Flashscore)...

--- Running Flashscore Analysis ---
  [Navigation] Going to Flashscore...
  [Navigation] Flashscore loaded successfully.
    [AI INTEL] Selectors found for 'home_page'. Skipping AI analysis.
    [Resume] Last processed: ID QDnUUHx3 on 23.12.2025

--- SKIPPING DAY: 19.12.2025 (advancing to resume date) ---
  [Navigation] Clicking next day...
    [Success] Next day clicked and page updated.

--- SKIPPING DAY: 20.12.2025 (advancing to resume date) ---
  [Navigation] Clicking next day...
    [Cookies] Accepted via OneTrust
    [Success] Next day clicked and page updated.

--- SKIPPING DAY: 21.12.2025 (advancing to resume date) ---
  [Navigation] Clicking next day...
    [Success] Next day clicked and page updated.

--- SKIPPING DAY: 22.12.2025 (advancing to resume date) ---
  [Navigation] Clicking next day...
    [Success] Next day clicked and page updated.

--- ANALYZING DATE: 23.12.2025 ---
    [AI INTEL] Selectors found for 'home_page'. Skipping AI analysis.
    [Extractor] Extracting match data from page...
    [Matches Found] 76 valid fixtures. (Sorted by Time)
    [Resume] Checking for last processed ID: QDnUUHx3 on this date.
    [Resume] Last processed ID QDnUUHx3 not found in current scan. Trying to start from last 5 matches.
    [Batching] Processing 5 matches concurrently...
    [Batch Start] College 1975 FC vs Lions Gibraltar: 23.12.2025 - 20:00
    [Batch Start] Lusitania FC vs Oliveirense: 23.12.2025 - 20:45
    [Batch Start] Benfica vs Famalicao: 23.12.2025 - 20:45
    [Batch Start] Molynes vs Arnett Gardens: 23.12.2025 - 22:00
    [Cookies] Accepted via OneTrust
    [Cookies] Accepted via OneTrust
    [Cookies] Accepted via OneTrust
    [Cookies] Accepted via OneTrust
    [AI INTEL] Selectors found for 'match_page'. Skipping AI analysis.
    [AI INTEL] Selectors found for 'match_page'. Skipping AI analysis.

   --- LEO: Shutting down gracefully. ---
