    --- LEO: Initializing Databases ---      
     Initializing databases...

      --- LEO: Starting new cycle at 2025-12-14 23:43:57 --- 
     Launching new browser instance...

   [Phase 0] Checking for past matches to review...
--- LEO V2.6: Outcome Review Engine (Concurrent) ---
[Review] Found 0 past predictions to review (Limit: 50).
--- No new past matches to review. ---
   [Phase 0] Analyzing prediction accuracy across all reviewed matches...

  [Prediction Accuracy Report]
  ==================================================
  Friday, 12th December, 2025: 67.6% Accurate - 102 Predictions
  Saturday, 13th December, 2025: 49.0% Accurate - 351 Predictions
  ==================================================
  [Confidence-Based Accuracy]
  Very High Confidence: 52.0% Accurate - 298 Predictions
  High Confidence: 61.5% Accurate - 13 Predictions
  Low Confidence: 54.9% Accurate - 142 Predictions
  ==================================================
  Friday, 12th December, 2025 to Saturday, 13th December, 2025: 53.2% Accurate - 453 Predictions

   [Phase 0] Accuracy analysis complete.

   [Phase 1] Starting analysis engine (Flashscore)...

--- Running Flashscore Analysis ---
  [Navigation] Going to Flashscore...
  [Navigation] Flashscore loaded successfully.
    [AI INTEL] Selectors found for 'home_page'. Skipping AI analysis.
    [Resume] Last processed: ID tlT44NGt on 20.12.2025

--- SKIPPING DAY: 15.12.2025 (advancing to resume date) ---
  [Navigation] Clicking next day...
    [Success] Next day clicked and page updated.

--- SKIPPING DAY: 16.12.2025 (advancing to resume date) ---
  [Navigation] Clicking next day...
    [Cookies] Accepted via OneTrust
    [Success] Next day clicked and page updated.

--- SKIPPING DAY: 17.12.2025 (advancing to resume date) ---
  [Navigation] Clicking next day...
    [Success] Next day clicked and page updated.

--- SKIPPING DAY: 18.12.2025 (advancing to resume date) ---
  [Navigation] Clicking next day...
    [Success] Next day clicked and page updated.

--- SKIPPING DAY: 19.12.2025 (advancing to resume date) ---
  [Navigation] Clicking next day...
    [Success] Next day clicked and page updated.

--- ANALYZING DATE: 20.12.2025 ---
    [AI INTEL] Selectors found for 'home_page'. Skipping AI analysis.
    [Extractor] Extracting match data from page...
    [Matches Found] 121 valid fixtures. (Sorted by Time)
    [Resume] Checking for last processed ID: tlT44NGt on this date.
    [Resume] Last processed ID tlT44NGt not found in current scan. Trying to start from last 5 matches.
    [Batching] Processing 5 matches concurrently...
    [Batch Start] Hound Dogs vs Manchester 62: 20.12.2025 - 20:00
    [Batch Start] Mosta vs Naxxar: 20.12.2025 - 20:00
    [Batch Start] Merida AD vs Ath Bilbao B: 20.12.2025 - 20:15
    [Batch Start] Estoril vs Braga: 20.12.2025 - 20:15
    [Cookies] Accepted via OneTrust
    [Cookies] Accepted via OneTrust
    [Cookies] Accepted via OneTrust
    [Cookies] Accepted via OneTrust
    [AI INTEL] Selectors found for 'match_page'. Skipping AI analysis.
    [AI INTEL] Selectors found for 'match_page'. Skipping AI analysis.
    [AI INTEL] Selectors found for 'match_page'. Skipping AI analysis.
    [AI INTEL] Selectors found for 'match_page'. Skipping AI analysis.
    [Popup Handler] Clicked 'I understand' button via: button:has-text('I understand')
    [AI INTEL] Selectors found for 'match_page'. Skipping AI analysis.

   --- LEO: Shutting down gracefully. ---
