    --- LEO: Initializing Databases ---      
     Initializing databases...

      --- LEO: Starting new cycle at 2025-12-19 08:06:01 --- 
     Launching new browser instance...

   [Phase 0] Checking for past matches to review...
--- LEO V2.6: Outcome Review Engine (Concurrent) ---
[Review] Found 7 past predictions to review (Limit: 400).
[Processing] Starting batch review for 7 matches...
  [Score Check] Umayya vs Horriya (Attempt 1)
  [Score Check] Tishreen vs Al Jaish (Attempt 1)
  [Score Check] Al-Shouleh vs Jableh (Attempt 1)
  [Score Check] Damascus Al-Ahli vs Homs Al Fidaa (Attempt 1)
  [Score Check] Al Taliya vs Foutoua (Attempt 1)
    [Cookies] Accepted via text: I Accept
    [Cookies] Accepted via text: I Accept
    [Cookies] Accepted via text: I Accept
    [Cookies] Accepted via text: I Accept
    [Cookies] Accepted via text: I Accept
    [Popup Handler] Clicked 'I understand' button via: button:has-text('I understand')
    [Popup Handler] Clicked 'I understand' button via: button:has-text('I understand')
    [Skip]  Damascus Al-Ahli vs Homs Al Fidaa Match not finished yet.
    [Skip]  Al-Shouleh vs Jableh Match not finished yet.
    [Skip]  Tishreen vs Al Jaish Match not finished yet.
  [Score Check] Al Karamah vs Al Wahda (Attempt 1)
  [Score Check] Barau vs Rivers United (Attempt 1)
    [Skip]  Umayya vs Horriya Match not finished yet.
    [Skip]  Al Taliya vs Foutoua Match not finished yet.
    [Popup Handler] Clicked 'I understand' button via: button:has-text('I understand')
    [Skip]  Al Karamah vs Al Wahda Match not finished yet.
    [Cookies] Accepted via text: I Accept
    [Popup Handler] Clicked 'I understand' button via: button:has-text('I understand')
    [Skip]  Barau vs Rivers United Match not finished yet.
--- Learning Engine: Updated 16 rule weights ---
--- Review Process Complete ---
   [Phase 0] Analyzing prediction accuracy across all reviewed matches...

  [Prediction Accuracy Report]
  ==================================================
  Friday, 12th December, 2025: 67.6% Accurate - 102 Predictions
  Saturday, 13th December, 2025: 49.0% Accurate - 351 Predictions
  Sunday, 14th December, 2025: 54.6% Accurate - 313 Predictions
  Monday, 15th December, 2025: 37.5% Accurate - 56 Predictions
  Tuesday, 16th December, 2025: 50.0% Accurate - 40 Predictions
  Wednesday, 17th December, 2025: 47.1% Accurate - 68 Predictions
  Thursday, 18th December, 2025: 53.3% Accurate - 60 Predictions
  ==================================================
  [Confidence-Based Accuracy]
  Very High Confidence: 53.0% Accurate - 462 Predictions
  High Confidence: 46.4% Accurate - 248 Predictions
  Low Confidence: 56.1% Accurate - 280 Predictions
  ==================================================
  Friday, 12th December, 2025 to Thursday, 18th December, 2025: 52.2% Accurate - 990 Predictions

   [Phase 0] Accuracy analysis complete.

   [Phase 1] Starting analysis engine (Flashscore)...

--- Running Flashscore Analysis ---
  [Navigation] Going to Flashscore...
  [Navigation] Flashscore loaded successfully.
    [AI INTEL] Selectors found for 'home_page'. Skipping AI analysis.
    [Resume] Last processed: ID S2GzkIbs on 25.12.2025

--- SKIPPING DAY: 19.12.2025 (advancing to resume date) ---
  [Navigation] Clicking next day...
    [Success] Next day clicked and page updated.

--- SKIPPING DAY: 20.12.2025 (advancing to resume date) ---
  [Navigation] Clicking next day...
    [Cookies] Accepted via OneTrust
    [Success] Next day clicked and page updated.

--- SKIPPING DAY: 21.12.2025 (advancing to resume date) ---
  [Navigation] Clicking next day...
    [Success] Next day clicked and page updated.

--- SKIPPING DAY: 22.12.2025 (advancing to resume date) ---
  [Navigation] Clicking next day...
    [Success] Next day clicked and page updated.

--- SKIPPING DAY: 23.12.2025 (advancing to resume date) ---
  [Navigation] Clicking next day...
    [Success] Next day clicked and page updated.

--- SKIPPING DAY: 24.12.2025 (advancing to resume date) ---
  [Navigation] Clicking next day...
    [Success] Next day clicked and page updated.

--- ANALYZING DATE: 25.12.2025 ---
    [AI INTEL] Selectors found for 'home_page'. Skipping AI analysis.
    [Extractor] Extracting match data from page...
    [Matches Found] 30 valid fixtures. (Sorted by Time)
    [Resume] Checking for last processed ID: S2GzkIbs on this date.
    [Resume] Match found at index 29. Skipping 30 previously processed matches.
    [Info] No new matches to process for this day.

--- Flashscore Analysis Complete: 0 new predictions found. ---

   [Phase 2] Starting booking process (Football.com)...

   --- LEO: Cycle Complete. ---
Sleeping for 6 hours until the next cycle...
